Build started 20/12/2012 10:56:50.
     1>Project "C:\Users\Nuno Cardoso\Desktop\Lapr5\Grafo\Grafo\Grafo.vcxproj" on node 3 (Rebuild target(s)).
     1>_PrepareForClean:
         Deleting file "Debug\Grafo.lastbuildstate".
       InitializeBuildStatus:
         Creating "Debug\Grafo.unsuccessfulbuild" because "AlwaysCreate" was specified.
       ClCompile:
         C:\Program Files (x86)\Microsoft Visual Studio 10.0\VC\bin\CL.exe /c /ZI /nologo /W3 /WX- /Od /Oy- /D WIN32 /D _DEBUG /D _CONSOLE /Gm /EHsc /RTC1 /MTd /GS /fp:precise /Zc:wchar_t /Zc:forScope /Fo"Debug\\" /Fd"Debug\vc100.pdb" /Gd /TP /analyze- /errorReport:prompt Arco.cpp Camera.cpp Estado.cpp grafos.cpp lapr5.cpp math.cpp mdlviewer.cpp Modelo.cpp No.cpp studio_render.cpp studio_utils.cpp Utilizador.cpp
         Utilizador.cpp
         studio_utils.cpp
     1>c:\users\nuno cardoso\desktop\lapr5\grafo\grafo\studio_utils.cpp(118): warning C4996: 'fopen': This function or variable may be unsafe. Consider using fopen_s instead. To disable deprecation, use _CRT_SECURE_NO_WARNINGS. See online help for details.
                 c:\program files (x86)\microsoft visual studio 10.0\vc\include\stdio.h(234) : see declaration of 'fopen'
     1>c:\users\nuno cardoso\desktop\lapr5\grafo\grafo\studio_utils.cpp(164): warning C4996: 'fopen': This function or variable may be unsafe. Consider using fopen_s instead. To disable deprecation, use _CRT_SECURE_NO_WARNINGS. See online help for details.
                 c:\program files (x86)\microsoft visual studio 10.0\vc\include\stdio.h(234) : see declaration of 'fopen'
     1>c:\users\nuno cardoso\desktop\lapr5\grafo\grafo\studio_utils.cpp(191): warning C4996: 'strcpy': This function or variable may be unsafe. Consider using strcpy_s instead. To disable deprecation, use _CRT_SECURE_NO_WARNINGS. See online help for details.
                 c:\program files (x86)\microsoft visual studio 10.0\vc\include\string.h(105) : see declaration of 'strcpy'
     1>c:\users\nuno cardoso\desktop\lapr5\grafo\grafo\studio_utils.cpp(192): warning C4996: 'strcpy': This function or variable may be unsafe. Consider using strcpy_s instead. To disable deprecation, use _CRT_SECURE_NO_WARNINGS. See online help for details.
                 c:\program files (x86)\microsoft visual studio 10.0\vc\include\string.h(105) : see declaration of 'strcpy'
     1>c:\users\nuno cardoso\desktop\lapr5\grafo\grafo\studio_utils.cpp(208): warning C4996: 'strcpy': This function or variable may be unsafe. Consider using strcpy_s instead. To disable deprecation, use _CRT_SECURE_NO_WARNINGS. See online help for details.
                 c:\program files (x86)\microsoft visual studio 10.0\vc\include\string.h(105) : see declaration of 'strcpy'
     1>c:\users\nuno cardoso\desktop\lapr5\grafo\grafo\studio_utils.cpp(209): warning C4996: 'sprintf': This function or variable may be unsafe. Consider using sprintf_s instead. To disable deprecation, use _CRT_SECURE_NO_WARNINGS. See online help for details.
                 c:\program files (x86)\microsoft visual studio 10.0\vc\include\stdio.h(371) : see declaration of 'sprintf'
         studio_render.cpp
         No.cpp
         Modelo.cpp
         mdlviewer.cpp
         math.cpp
         lapr5.cpp
     1>c:\users\nuno cardoso\desktop\lapr5\grafo\grafo\lapr5.cpp(731): warning C4996: 'sprintf': This function or variable may be unsafe. Consider using sprintf_s instead. To disable deprecation, use _CRT_SECURE_NO_WARNINGS. See online help for details.
                 c:\program files (x86)\microsoft visual studio 10.0\vc\include\stdio.h(371) : see declaration of 'sprintf'
         grafos.cpp
         Estado.cpp
         Camera.cpp
         Arco.cpp
         Generating Code...
         C:\Program Files (x86)\Microsoft Visual Studio 10.0\VC\bin\CL.exe /c /ZI /nologo /W3 /WX- /Od /Oy- /D WIN32 /D _DEBUG /D _CONSOLE /Gm /EHsc /RTC1 /MTd /GS /fp:precise /Zc:wchar_t /Zc:forScope /Fo"Debug\\" /Fd"Debug\vc100.pdb" /Gd /TC /analyze- /errorReport:prompt readjpeg.c
         readjpeg.c
     1>c:\users\nuno cardoso\desktop\lapr5\grafo\grafo\readjpeg.c(47): warning C4996: 'fopen': This function or variable may be unsafe. Consider using fopen_s instead. To disable deprecation, use _CRT_SECURE_NO_WARNINGS. See online help for details.
                 c:\program files (x86)\microsoft visual studio 10.0\vc\include\stdio.h(234) : see declaration of 'fopen'
       ResourceCompile:
         C:\Program Files (x86)\Microsoft SDKs\Windows\v7.0A\bin\rc.exe /l"0x0409" /nologo /fo"Debug\Grafo.res" Grafo.rc 
       ManifestResourceCompile:
         C:\Program Files (x86)\Microsoft SDKs\Windows\v7.0A\bin\rc.exe /nologo /fo"Debug\Grafo.exe.embed.manifest.res" Debug\Grafo_manifest.rc 
       Link:
         C:\Program Files (x86)\Microsoft Visual Studio 10.0\VC\bin\link.exe /ERRORREPORT:PROMPT /OUT:"C:\Users\Nuno Cardoso\Desktop\Lapr5\Grafo\Debug\Grafo.exe" /INCREMENTAL /NOLOGO kernel32.lib user32.lib gdi32.lib winspool.lib comdlg32.lib advapi32.lib shell32.lib ole32.lib oleaut32.lib uuid.lib odbc32.lib odbccp32.lib /MANIFEST /ManifestFile:"Debug\Grafo.exe.intermediate.manifest" /MANIFESTUAC:"level='asInvoker' uiAccess='false'" /DEBUG /PDB:"C:\Users\Nuno Cardoso\Desktop\Lapr5\Grafo\Debug\Grafo.pdb" /SUBSYSTEM:CONSOLE /TLBID:1 /DYNAMICBASE /NXCOMPAT /IMPLIB:"C:\Users\Nuno Cardoso\Desktop\Lapr5\Grafo\Debug\Grafo.lib" /MACHINE:X86 Debug\Grafo.res
         Debug\Grafo.exe.embed.manifest.res
         Debug\Arco.obj
         Debug\Camera.obj
         Debug\Estado.obj
         Debug\grafos.obj
         Debug\lapr5.obj
         Debug\math.obj
         Debug\mdlviewer.obj
         Debug\Modelo.obj
         Debug\No.obj
         Debug\readjpeg.obj
         Debug\studio_render.obj
         Debug\studio_utils.obj
         Debug\Utilizador.obj
       Manifest:
         Deleting file "Debug\Grafo.exe.embed.manifest".
         C:\Program Files (x86)\Microsoft SDKs\Windows\v7.0A\bin\mt.exe /nologo /verbose /out:"Debug\Grafo.exe.embed.manifest" /manifest Debug\Grafo.exe.intermediate.manifest
         C:\Program Files (x86)\Microsoft SDKs\Windows\v7.0A\bin\rc.exe /nologo /fo"Debug\Grafo.exe.embed.manifest.res" Debug\Grafo_manifest.rc 
       LinkEmbedManifest:
         C:\Program Files (x86)\Microsoft Visual Studio 10.0\VC\bin\link.exe /ERRORREPORT:PROMPT /OUT:"C:\Users\Nuno Cardoso\Desktop\Lapr5\Grafo\Debug\Grafo.exe" /INCREMENTAL /NOLOGO kernel32.lib user32.lib gdi32.lib winspool.lib comdlg32.lib advapi32.lib shell32.lib ole32.lib oleaut32.lib uuid.lib odbc32.lib odbccp32.lib /MANIFEST /ManifestFile:"Debug\Grafo.exe.intermediate.manifest" /MANIFESTUAC:"level='asInvoker' uiAccess='false'" /DEBUG /PDB:"C:\Users\Nuno Cardoso\Desktop\Lapr5\Grafo\Debug\Grafo.pdb" /SUBSYSTEM:CONSOLE /TLBID:1 /DYNAMICBASE /NXCOMPAT /IMPLIB:"C:\Users\Nuno Cardoso\Desktop\Lapr5\Grafo\Debug\Grafo.lib" /MACHINE:X86 Debug\Grafo.res
         Debug\Grafo.exe.embed.manifest.res
         Debug\Arco.obj
         Debug\Camera.obj
         Debug\Estado.obj
         Debug\grafos.obj
         Debug\lapr5.obj
         Debug\math.obj
         Debug\mdlviewer.obj
         Debug\Modelo.obj
         Debug\No.obj
         Debug\readjpeg.obj
         Debug\studio_render.obj
         Debug\studio_utils.obj
         Debug\Utilizador.obj
         Grafo.vcxproj -> C:\Users\Nuno Cardoso\Desktop\Lapr5\Grafo\Debug\Grafo.exe
       _CopyFilesMarkedCopyLocal:
         Copying file from "C:\Users\Nuno Cardoso\Desktop\Lapr5\Grafo\Website\TM_TDG.WithDataSets\bin\Debug\TM_TDG.WithDataSets.dll" to "C:\Users\Nuno Cardoso\Desktop\Lapr5\Grafo\Debug\TM_TDG.WithDataSets.dll".
         Copying file from "C:\Users\Nuno Cardoso\Desktop\Lapr5\Grafo\Website\TM_TDG.WithDataSets\bin\Debug\TM_TDG.WithDataSets.pdb" to "C:\Users\Nuno Cardoso\Desktop\Lapr5\Grafo\Debug\TM_TDG.WithDataSets.pdb".
       FinalizeBuildStatus:
         Deleting file "Debug\Grafo.unsuccessfulbuild".
         Touching "Debug\Grafo.lastbuildstate".
     1>Done Building Project "C:\Users\Nuno Cardoso\Desktop\Lapr5\Grafo\Grafo\Grafo.vcxproj" (Rebuild target(s)).

Build succeeded.

Time Elapsed 00:00:05.71
