C:\USERS\NUNO CARDOSO\DESKTOP\LAPR5\GRAFO\GRAFO\DEBUG\ARCO.OBJ
C:\USERS\NUNO CARDOSO\DESKTOP\LAPR5\GRAFO\GRAFO\DEBUG\CAMERA.OBJ
C:\USERS\NUNO CARDOSO\DESKTOP\LAPR5\GRAFO\GRAFO\DEBUG\ESTADO.OBJ
C:\USERS\NUNO CARDOSO\DESKTOP\LAPR5\GRAFO\GRAFO\DEBUG\GRAFOS.OBJ
C:\USERS\NUNO CARDOSO\DESKTOP\LAPR5\GRAFO\GRAFO\DEBUG\LAPR5.OBJ
C:\USERS\NUNO CARDOSO\DESKTOP\LAPR5\GRAFO\GRAFO\DEBUG\MATH.OBJ
C:\USERS\NUNO CARDOSO\DESKTOP\LAPR5\GRAFO\GRAFO\DEBUG\MDLVIEWER.OBJ
C:\USERS\NUNO CARDOSO\DESKTOP\LAPR5\GRAFO\GRAFO\DEBUG\MODELO.OBJ
C:\USERS\NUNO CARDOSO\DESKTOP\LAPR5\GRAFO\GRAFO\DEBUG\NO.OBJ
C:\USERS\NUNO CARDOSO\DESKTOP\LAPR5\GRAFO\GRAFO\DEBUG\STUDIO_RENDER.OBJ
C:\USERS\NUNO CARDOSO\DESKTOP\LAPR5\GRAFO\GRAFO\DEBUG\STUDIO_UTILS.OBJ
C:\USERS\NUNO CARDOSO\DESKTOP\LAPR5\GRAFO\GRAFO\DEBUG\UTILIZADOR.OBJ
C:\USERS\NUNO CARDOSO\DESKTOP\LAPR5\GRAFO\GRAFO\DEBUG\VC100.PDB
C:\USERS\NUNO CARDOSO\DESKTOP\LAPR5\GRAFO\GRAFO\DEBUG\READJPEG.OBJ
C:\Users\Nuno Cardoso\Desktop\Lapr5\Grafo\Debug\TM_TDG.WithDataSets.dll
C:\Users\Nuno Cardoso\Desktop\Lapr5\Grafo\Debug\TM_TDG.WithDataSets.pdb
C:\USERS\NUNO CARDOSO\DESKTOP\LAPR5\GRAFO\DEBUG\GRAFO.ILK
C:\USERS\NUNO CARDOSO\DESKTOP\LAPR5\GRAFO\DEBUG\GRAFO.EXE
C:\USERS\NUNO CARDOSO\DESKTOP\LAPR5\GRAFO\GRAFO\DEBUG\GRAFO.EXE.INTERMEDIATE.MANIFEST
C:\USERS\NUNO CARDOSO\DESKTOP\LAPR5\GRAFO\DEBUG\GRAFO.PDB
C:\USERS\NUNO CARDOSO\DESKTOP\LAPR5\GRAFO\GRAFO\DEBUG\GRAFO.EXE.EMBED.MANIFEST
C:\USERS\NUNO CARDOSO\DESKTOP\LAPR5\GRAFO\GRAFO\DEBUG\GRAFO.RES
C:\USERS\NUNO CARDOSO\DESKTOP\LAPR5\GRAFO\GRAFO\DEBUG\GRAFO.EXE.EMBED.MANIFEST.RES
C:\Users\Nuno Cardoso\Desktop\Lapr5\Grafo\Grafo\Debug\Grafo.vcxprojResolveAssemblyReference.cache
C:\Users\Nuno Cardoso\Desktop\Lapr5\Grafo\Grafo\Debug\Arco.obj
C:\Users\Nuno Cardoso\Desktop\Lapr5\Grafo\Grafo\Debug\Camera.obj
C:\Users\Nuno Cardoso\Desktop\Lapr5\Grafo\Grafo\Debug\Estado.obj
C:\Users\Nuno Cardoso\Desktop\Lapr5\Grafo\Grafo\Debug\grafos.obj
C:\Users\Nuno Cardoso\Desktop\Lapr5\Grafo\Grafo\Debug\lapr5.obj
C:\Users\Nuno Cardoso\Desktop\Lapr5\Grafo\Grafo\Debug\math.obj
C:\Users\Nuno Cardoso\Desktop\Lapr5\Grafo\Grafo\Debug\mdlviewer.obj
C:\Users\Nuno Cardoso\Desktop\Lapr5\Grafo\Grafo\Debug\Modelo.obj
C:\Users\Nuno Cardoso\Desktop\Lapr5\Grafo\Grafo\Debug\No.obj
C:\Users\Nuno Cardoso\Desktop\Lapr5\Grafo\Grafo\Debug\readjpeg.obj
C:\Users\Nuno Cardoso\Desktop\Lapr5\Grafo\Grafo\Debug\studio_render.obj
C:\Users\Nuno Cardoso\Desktop\Lapr5\Grafo\Grafo\Debug\studio_utils.obj
C:\Users\Nuno Cardoso\Desktop\Lapr5\Grafo\Grafo\Debug\Utilizador.obj
C:\Users\Nuno Cardoso\Desktop\Lapr5\Grafo\Grafo\Debug\cl.command.1.tlog
C:\Users\Nuno Cardoso\Desktop\Lapr5\Grafo\Grafo\Debug\CL.read.1.tlog
C:\Users\Nuno Cardoso\Desktop\Lapr5\Grafo\Grafo\Debug\CL.write.1.tlog
C:\Users\Nuno Cardoso\Desktop\Lapr5\Grafo\Grafo\Debug\Grafo.write.1.tlog
C:\Users\Nuno Cardoso\Desktop\Lapr5\Grafo\Grafo\Debug\link-cvtres.read.1.tlog
C:\Users\Nuno Cardoso\Desktop\Lapr5\Grafo\Grafo\Debug\link-cvtres.write.1.tlog
C:\Users\Nuno Cardoso\Desktop\Lapr5\Grafo\Grafo\Debug\link.2356-cvtres.read.1.tlog
C:\Users\Nuno Cardoso\Desktop\Lapr5\Grafo\Grafo\Debug\link.2356-cvtres.write.1.tlog
C:\Users\Nuno Cardoso\Desktop\Lapr5\Grafo\Grafo\Debug\link.2356.read.1.tlog
C:\Users\Nuno Cardoso\Desktop\Lapr5\Grafo\Grafo\Debug\link.2356.write.1.tlog
C:\Users\Nuno Cardoso\Desktop\Lapr5\Grafo\Grafo\Debug\link.command.1.tlog
C:\Users\Nuno Cardoso\Desktop\Lapr5\Grafo\Grafo\Debug\link.read.1.tlog
C:\Users\Nuno Cardoso\Desktop\Lapr5\Grafo\Grafo\Debug\link.write.1.tlog
C:\Users\Nuno Cardoso\Desktop\Lapr5\Grafo\Grafo\Debug\mt.command.1.tlog
C:\Users\Nuno Cardoso\Desktop\Lapr5\Grafo\Grafo\Debug\mt.read.1.tlog
C:\Users\Nuno Cardoso\Desktop\Lapr5\Grafo\Grafo\Debug\mt.write.1.tlog
C:\Users\Nuno Cardoso\Desktop\Lapr5\Grafo\Grafo\Debug\rc.command.1.tlog
C:\Users\Nuno Cardoso\Desktop\Lapr5\Grafo\Grafo\Debug\rc.read.1.tlog
C:\Users\Nuno Cardoso\Desktop\Lapr5\Grafo\Grafo\Debug\rc.write.1.tlog
C:\Users\Nuno Cardoso\Desktop\Lapr5\Grafo\Grafo\Debug\Grafo.exe.embed.manifest
C:\Users\Nuno Cardoso\Desktop\Lapr5\Grafo\Grafo\Debug\Grafo.exe.intermediate.manifest
C:\Users\Nuno Cardoso\Desktop\Lapr5\Grafo\Grafo\Debug\Grafo.exe.embed.manifest.res
C:\Users\Nuno Cardoso\Desktop\Lapr5\Grafo\Grafo\Debug\Grafo.res
C:\Users\Nuno Cardoso\Desktop\Lapr5\Grafo\Grafo\Debug\vc100.idb
C:\Users\Nuno Cardoso\Desktop\Lapr5\Grafo\Grafo\Debug\vc100.pdb
C:\Users\Nuno Cardoso\Desktop\Lapr5\Grafo\Grafo\Debug\Grafo_manifest.rc
C:\Users\Nuno Cardoso\Desktop\Lapr5\Grafo\Debug\Grafo.pdb
C:\Users\Nuno Cardoso\Desktop\Lapr5\Grafo\Debug\Grafo.exe
C:\Users\Nuno Cardoso\Desktop\Lapr5\Grafo\Debug\Grafo.ilk
